This file contains any messages produced by compilers while
running configure, to aid debugging if configure makes a mistake.

It was created by example_project configure 1.0, which was
generated by GNU Autoconf 2.72.  Invocation command line was

  $ ./configure

## --------- ##
## Platform. ##
## --------- ##

hostname = M-Book
uname -m = x86_64
uname -r = 3.5.4-0bc1222b.x86_64
uname -s = MSYS_NT-10.0-22631
uname -v = 2024-09-04 18:28 UTC

/usr/bin/uname -p = unknown
/bin/uname -X     = unknown

/bin/arch              = x86_64
/usr/bin/arch -k       = unknown
/usr/convex/getsysinfo = unknown
/usr/bin/hostinfo      = unknown
/bin/machine           = unknown
/usr/bin/oslevel       = unknown
/bin/universe          = unknown

PATH: /mingw64/bin/
PATH: /usr/local/bin/
PATH: /usr/bin/
PATH: /bin/
PATH: /opt/bin/
PATH: /c/Windows/System32/
PATH: /c/Windows/
PATH: /c/Windows/System32/Wbem/
PATH: /c/Windows/System32/WindowsPowerShell/v1.0/
PATH: /usr/bin/site_perl/
PATH: /usr/bin/vendor_perl/
PATH: /usr/bin/core_perl/


## ----------- ##
## Core tests. ##
## ----------- ##

configure:1743: loading site script /etc/config.site
| # This file is in public domain.
| # Original author: Karlson2k (Evgeny Grin)
| # Written for MSys2 to help running 'configure' scripts
| 
| # Defaults for MSys2/MinGW64-targeted programs
| 
| # Set proper selfname on bash and fallback to default name on other shells
| test -n "${BASH_SOURCE}" 2>/dev/null && config_site_me="${BASH_SOURCE[0]##*/}" || config_site_me=config.site
| 
| # Set default 'host' to speedup configure
| if test -z "$build_alias"; then
|   build_alias="${MSYSTEM_CHOST}"  && \
|     ${as_echo-echo} "$config_site_me:${as_lineno-$LINENO}: default build_alias set to $build_alias" >&5
| fi
| 
| # Set default 'prefix'
| if ( test -z "$prefix" || test "x$prefix" = "xNONE" ) && \
|     ( test -z "$exec_prefix" || test "x$exec_prefix" = "xNONE" ); then
|   prefix="${MSYSTEM_PREFIX}" && \
|     ${as_echo-echo} "$config_site_me:${as_lineno-$LINENO}: default prefix set to $prefix" >&5
| fi
config.site:13: default build_alias set to x86_64-pc-msys
config.site:20: default prefix set to /usr
configure:2110: looking for aux files: compile missing install-sh
configure:2123:  trying ./
configure:2152:   ./compile found
configure:2152:   ./missing found
configure:2134:   ./install-sh found
configure:2282: checking for a BSD-compatible install
configure:2356: result: /usr/bin/install -c
configure:2367: checking whether sleep supports fractional seconds
configure:2383: result: yes
configure:2386: checking filesystem timestamp resolution
configure:2521: result: 0.01
configure:2526: checking whether build environment is sane
configure:2567: result: yes
configure:2738: checking for a race-free mkdir -p
configure:2781: result: /usr/bin/mkdir -p
configure:2788: checking for gawk
configure:2809: found /usr/bin/gawk
configure:2821: result: gawk
configure:2832: checking whether make sets $(MAKE)
configure:2856: result: yes
configure:2882: checking whether make supports nested variables
configure:2901: result: yes
configure:2915: checking xargs -n works
configure:2931: result: yes
configure:3092: checking for gcc
configure:3113: found /mingw64/bin/gcc
configure:3125: result: gcc
configure:3484: checking for C compiler version
configure:3493: gcc --version >&5
gcc.exe (Rev1, Built by MSYS2 project) 14.2.0
Copyright (C) 2024 Free Software Foundation, Inc.
This is free software; see the source for copying conditions.  There is NO
warranty; not even for MERCHANTABILITY or FITNESS FOR A PARTICULAR PURPOSE.

configure:3504: $? = 0
configure:3493: gcc -v >&5
Using built-in specs.
COLLECT_GCC=C:\msys64\mingw64\bin\gcc.exe
COLLECT_LTO_WRAPPER=C:/msys64/mingw64/bin/../lib/gcc/x86_64-w64-mingw32/14.2.0/lto-wrapper.exe
Target: x86_64-w64-mingw32
Configured with: ../gcc-14.2.0/configure --prefix=/mingw64 --with-local-prefix=/mingw64/local --build=x86_64-w64-mingw32 --host=x86_64-w64-mingw32 --target=x86_64-w64-mingw32 --with-native-system-header-dir=/mingw64/include --libexecdir=/mingw64/lib --enable-bootstrap --enable-checking=release --with-arch=nocona --with-tune=generic --enable-languages=c,lto,c++,fortran,ada,objc,obj-c++,rust,jit --enable-shared --enable-static --enable-libatomic --enable-threads=posix --enable-graphite --enable-fully-dynamic-string --enable-libstdcxx-filesystem-ts --enable-libstdcxx-time --disable-libstdcxx-pch --enable-lto --enable-libgomp --disable-libssp --disable-multilib --disable-rpath --disable-win32-registry --disable-nls --disable-werror --disable-symvers --with-libiconv --with-system-zlib --with-gmp=/mingw64 --with-mpfr=/mingw64 --with-mpc=/mingw64 --with-isl=/mingw64 --with-pkgversion='Rev1, Built by MSYS2 project' --with-bugurl=https://github.com/msys2/MINGW-packages/issues --with-gnu-as --with-gnu-ld --disable-libstdcxx-debug --enable-plugin --with-boot-ldflags=-static-libstdc++ --with-stage1-ldflags=-static-libstdc++
Thread model: posix
Supported LTO compression algorithms: zlib zstd
gcc version 14.2.0 (Rev1, Built by MSYS2 project) 
configure:3504: $? = 0
configure:3493: gcc -V >&5
gcc.exe: error: unrecognized command-line option '-V'
gcc.exe: fatal error: no input files
compilation terminated.
configure:3504: $? = 1
configure:3493: gcc -qversion >&5
gcc.exe: error: unrecognized command-line option '-qversion'; did you mean '--version'?
gcc.exe: fatal error: no input files
compilation terminated.
configure:3504: $? = 1
configure:3493: gcc -version >&5
gcc.exe: error: unrecognized command-line option '-version'
gcc.exe: fatal error: no input files
compilation terminated.
configure:3504: $? = 1
configure:3524: checking whether the C compiler works
configure:3546: gcc    conftest.c  >&5
configure:3550: $? = 0
configure:3601: result: yes
configure:3605: checking for C compiler default output file name
configure:3607: result: a.exe
configure:3613: checking for suffix of executables
configure:3620: gcc -o conftest.exe    conftest.c  >&5
configure:3624: $? = 0
configure:3648: result: .exe
configure:3672: checking whether we are cross compiling
configure:3680: gcc -o conftest.exe    conftest.c  >&5
configure:3684: $? = 0
configure:3691: ./conftest.exe
configure:3695: $? = 0
configure:3710: result: no
configure:3716: checking for suffix of object files
configure:3739: gcc -c   conftest.c >&5
configure:3743: $? = 0
configure:3767: result: o
configure:3771: checking whether the compiler supports GNU C
configure:3791: gcc -c   conftest.c >&5
configure:3791: $? = 0
configure:3803: result: yes
configure:3814: checking whether gcc accepts -g
configure:3835: gcc -c -g  conftest.c >&5
configure:3835: $? = 0
configure:3882: result: yes
configure:3902: checking for gcc option to enable C11 features
configure:3917: gcc  -c -g -O2  conftest.c >&5
configure:3917: $? = 0
configure:3936: result: none needed
configure:4060: checking whether gcc understands -c and -o together
configure:4083: gcc -c conftest.c -o conftest2.o
configure:4086: $? = 0
configure:4083: gcc -c conftest.c -o conftest2.o
configure:4086: $? = 0
configure:4099: result: yes
configure:4119: checking whether make supports the include directive
configure:4134: make -f confmf.GNU && cat confinc.out
this is the am__doit target
configure:4137: $? = 0
configure:4156: result: yes (GNU style)
configure:4182: checking dependency style of gcc
configure:4295: result: gcc3
configure:4447: checking that generated files are newer than configure
configure:4453: result: done
configure:4488: creating ./config.status

## ---------------------- ##
## Running config.status. ##
## ---------------------- ##

This file was extended by example_project config.status 1.0, which was
generated by GNU Autoconf 2.72.  Invocation command line was

  CONFIG_FILES    = 
  CONFIG_HEADERS  = 
  CONFIG_LINKS    = 
  CONFIG_COMMANDS = 
  $ ./config.status 

on M-Book

config.status:774: creating Makefile
config.status:946: executing depfiles commands
config.status:1023: cd .       && sed -e '/# am--include-marker/d' Makefile         | make -f - am--depfiles
make: Nothing to be done for 'am--depfiles'.
config.status:1028: $? = 0

## ---------------- ##
## Cache variables. ##
## ---------------- ##

ac_cv_c_compiler_gnu=yes
ac_cv_env_CC_set=
ac_cv_env_CC_value=
ac_cv_env_CFLAGS_set=
ac_cv_env_CFLAGS_value=
ac_cv_env_CPPFLAGS_set=
ac_cv_env_CPPFLAGS_value=
ac_cv_env_LDFLAGS_set=
ac_cv_env_LDFLAGS_value=
ac_cv_env_LIBS_set=
ac_cv_env_LIBS_value=
ac_cv_env_build_alias_set=
ac_cv_env_build_alias_value=
ac_cv_env_host_alias_set=
ac_cv_env_host_alias_value=
ac_cv_env_target_alias_set=
ac_cv_env_target_alias_value=
ac_cv_exeext=.exe
ac_cv_objext=o
ac_cv_path_install='/usr/bin/install -c'
ac_cv_path_mkdir=/usr/bin/mkdir
ac_cv_prog_AWK=gawk
ac_cv_prog_ac_ct_CC=gcc
ac_cv_prog_cc_c11=
ac_cv_prog_cc_g=yes
ac_cv_prog_cc_stdc=
ac_cv_prog_make_make_set=yes
am_cv_CC_dependencies_compiler_type=gcc3
am_cv_filesystem_timestamp_resolution=0.01
am_cv_make_support_nested_variables=yes
am_cv_prog_cc_c_o=yes
am_cv_sleep_fractional_seconds=yes
am_cv_xargs_n_works=yes

## ----------------- ##
## Output variables. ##
## ----------------- ##

ACLOCAL='${SHELL} '\''/d/c-github/c/missing'\'' aclocal-1.17'
AMDEPBACKSLASH='\'
AMDEP_FALSE='#'
AMDEP_TRUE=''
AMTAR='$${TAR-tar}'
AM_BACKSLASH='\'
AM_DEFAULT_V='$(AM_DEFAULT_VERBOSITY)'
AM_DEFAULT_VERBOSITY='1'
AM_V='$(V)'
AUTOCONF='${SHELL} '\''/d/c-github/c/missing'\'' autoconf'
AUTOHEADER='${SHELL} '\''/d/c-github/c/missing'\'' autoheader'
AUTOMAKE='${SHELL} '\''/d/c-github/c/missing'\'' automake-1.17'
AWK='gawk'
CC='gcc'
CCDEPMODE='depmode=gcc3'
CFLAGS='-g -O2'
CPPFLAGS=''
CSCOPE='cscope'
CTAGS='ctags'
CYGPATH_W='cygpath -w'
DEFS='-DPACKAGE_NAME=\"example_project\" -DPACKAGE_TARNAME=\"example_project\" -DPACKAGE_VERSION=\"1.0\" -DPACKAGE_STRING=\"example_project\ 1.0\" -DPACKAGE_BUGREPORT=\"example@example.com\" -DPACKAGE_URL=\"\" -DPACKAGE=\"example_project\" -DVERSION=\"1.0\"'
DEPDIR='.deps'
ECHO_C=''
ECHO_N='-n'
ECHO_T=''
ETAGS='etags'
EXEEXT='.exe'
INSTALL_DATA='${INSTALL} -m 644'
INSTALL_PROGRAM='${INSTALL}'
INSTALL_SCRIPT='${INSTALL}'
INSTALL_STRIP_PROGRAM='$(install_sh) -c -s'
LDFLAGS=''
LIBOBJS=''
LIBS=''
LTLIBOBJS=''
MAKEINFO='${SHELL} '\''/d/c-github/c/missing'\'' makeinfo'
MKDIR_P='/usr/bin/mkdir -p'
OBJEXT='o'
PACKAGE='example_project'
PACKAGE_BUGREPORT='example@example.com'
PACKAGE_NAME='example_project'
PACKAGE_STRING='example_project 1.0'
PACKAGE_TARNAME='example_project'
PACKAGE_URL=''
PACKAGE_VERSION='1.0'
PATH_SEPARATOR=':'
SET_MAKE=''
SHELL='/bin/sh'
STRIP=''
VERSION='1.0'
ac_ct_CC='gcc'
am__EXEEXT_FALSE='#'
am__EXEEXT_TRUE=''
am__fastdepCC_FALSE='#'
am__fastdepCC_TRUE=''
am__include='include'
am__isrc=''
am__leading_dot='.'
am__nodep='_no'
am__quote=''
am__rm_f_notfound=''
am__tar='$${TAR-tar} chof - "$$tardir"'
am__untar='$${TAR-tar} xf -'
am__xargs_n='xargs -n'
bindir='${exec_prefix}/bin'
build_alias='x86_64-pc-msys'
datadir='${datarootdir}'
datarootdir='${prefix}/share'
docdir='${datarootdir}/doc/${PACKAGE_TARNAME}'
dvidir='${docdir}'
exec_prefix='${prefix}'
host_alias=''
htmldir='${docdir}'
includedir='${prefix}/include'
infodir='${datarootdir}/info'
install_sh='${SHELL} /d/c-github/c/install-sh'
libdir='${exec_prefix}/lib'
libexecdir='${exec_prefix}/libexec'
localedir='${datarootdir}/locale'
localstatedir='${prefix}/var'
mandir='${datarootdir}/man'
mkdir_p='$(MKDIR_P)'
oldincludedir='/usr/include'
pdfdir='${docdir}'
prefix='/usr'
program_transform_name='s,x,x,'
psdir='${docdir}'
runstatedir='${localstatedir}/run'
sbindir='${exec_prefix}/sbin'
sharedstatedir='${prefix}/com'
sysconfdir='${prefix}/etc'
target_alias=''

## ----------- ##
## confdefs.h. ##
## ----------- ##

/* confdefs.h */
#define PACKAGE_NAME "example_project"
#define PACKAGE_TARNAME "example_project"
#define PACKAGE_VERSION "1.0"
#define PACKAGE_STRING "example_project 1.0"
#define PACKAGE_BUGREPORT "example@example.com"
#define PACKAGE_URL ""
#define PACKAGE "example_project"
#define VERSION "1.0"

configure: exit 0
